<?xml version="1.0" encoding="UTF-8"?>
<!-- Generated by org.testng.reporters.JUnitReportReporter -->
<testsuite hostname="DESKTOP-51LATA8" failures="0" tests="1" name="com.project.Test.AppTest" time="11.804" errors="0" timestamp="26 Dec 2021 07:40:51 GMT" skipped="0">
  <testcase classname="com.project.Test.AppTest" name="shouldAnswerWithTrue" time="11.804"/>
</testsuite> <!-- com.project.Test.AppTest -->
